<?xml version="1.0" encoding="UTF-8"?>
<testsuite xmlns:xsi="http://www.w3.org/2001/XMLSchema-instance" xsi:noNamespaceSchemaLocation="https://maven.apache.org/surefire/maven-surefire-plugin/xsd/surefire-test-report-3.0.xsd" version="3.0" name="com.testing.api.runner.TestRunner" time="7.398" tests="4" errors="0" skipped="0" failures="0">
  <properties>
[...]
</properties>
  <testcase name="Get the List of Clients" classname="Client testing CRUD" time="3.67">
    <system-out><![CDATA[25-09-2023 11:45:23 INFO [api.stepDefinitions.Hooks:16] - *****************************************************************************************
25-09-2023 11:45:23 INFO [api.stepDefinitions.Hooks:17] - 	Scenario: Get the List of Clients
25-09-2023 11:45:23 INFO [api.stepDefinitions.Hooks:18] - *****************************************************************************************
25-09-2023 11:45:24 INFO [api.stepDefinitions.ClientSteps:30] - there are registered clients in the system
25-09-2023 11:45:25 INFO [api.stepDefinitions.ClientSteps:81] - I send a GET request to view all the clients
25-09-2023 11:45:26 INFO [api.stepDefinitions.ClientSteps:83] - [
    {
        "name": "Berneice",
        "lastName": "Hintz",
        "country": "Barbados",
        "city": "Yorba Linda",
        "email": "Donato43@hotmail.com",
        "phone": "1-425-705-0487 x77466",
        "id": "1"
    },
    {
        "name": "Crystal",
        "lastName": "Mraz",
        "country": "Cocos (Keeling) Islands",
        "city": "Cedar Rapids",
        "email": "Leann84@gmail.com",
        "phone": "417-928-1106 x973",
        "id": "2"
    },
    {
        "name": "Arlene",
        "lastName": "Reynolds",
        "country": "Guatemala",
        "city": "Lee's Summit",
        "email": "Adaline_Murray26@gmail.com",
        "phone": "(758) 351-6898",
        "id": "3"
    },
    {
        "name": "Maiya",
        "lastName": "Schmitt",
        "country": "Syrian Arab Republic",
        "city": "Pensacola",
        "email": "Otilia2@yahoo.com",
        "phone": "(271) 591-8686",
        "id": "4"
    },
    {
        "name": "Jaylin",
        "lastName": "MacGyver",
        "country": "Namibia",
        "city": "Missouri City",
        "email": "Russ_Braun@gmail.com",
        "phone": "1-777-247-3449 x306",
        "id": "5"
    },
    {
        "name": "Santiago",
        "lastName": "Canedo",
        "country": "USA",
        "city": "New York",
        "email": "new-mail@gmail.com",
        "phone": "427-528-7246 x97323",
        "id": "6"
    },
    {
        "name": "Santiago",
        "lastName": "Canedo",
        "country": "USA",
        "city": "New York",
        "email": "new-mail@gmail.com",
        "phone": "427-528-7246 x97323",
        "id": "7"
    },
    {
        "name": "Santiago",
        "lastName": "Canedo",
        "country": "USA",
        "city": "New York",
        "email": "new-mail@gmail.com",
        "phone": "427-528-7246 x97323",
        "id": "8"
    },
    {
        "name": "Santiago",
        "lastName": "Canedo",
        "country": "USA",
        "city": "New York",
        "email": "new-mail@gmail.com",
        "phone": "427-528-7246 x97323",
        "id": "9"
    },
    {
        "name": "Santiago",
        "lastName": "Canedo",
        "country": "USA",
        "city": "New York",
        "email": "new-mail@gmail.com",
        "phone": "427-528-7246 x97323",
        "id": "10"
    },
    {
        "name": "Santiago",
        "lastName": "Canedo",
        "country": "USA",
        "city": "New York",
        "email": "new-mail@gmail.com",
        "phone": "427-528-7246 x97323",
        "id": "11"
    },
    {
        "name": "Santiago",
        "lastName": "Canedo",
        "country": "USA",
        "city": "New York",
        "email": "new-mail@gmail.com",
        "phone": "427-528-7246 x97323",
        "id": "12"
    },
    {
        "name": "Santiago",
        "lastName": "Canedo",
        "country": "USA",
        "city": "New York",
        "email": "new-mail@gmail.com",
        "phone": "427-528-7246 x97323",
        "id": "13"
    },
    {
        "name": "Santiago",
        "lastName": "Canedo",
        "country": "USA",
        "city": "New York",
        "email": "new-mail@gmail.com",
        "phone": "427-528-7246 x97323",
        "id": "14"
    },
    {
        "name": "Santiago",
        "lastName": "Canedo",
        "country": "USA",
        "city": "New York",
        "email": "new-mail@gmail.com",
        "phone": "427-528-7246 x97323",
        "id": "15"
    },
    {
        "name": "Santiago",
        "lastName": "Canedo",
        "country": "USA",
        "city": "New York",
        "email": "new-mail@gmail.com",
        "phone": "427-528-7246 x97323",
        "id": "16"
    },
    {
        "name": "Santiago",
        "lastName": "Canedo",
        "country": "USA",
        "city": "New York",
        "email": "new-mail@gmail.com",
        "phone": "427-528-7246 x97323",
        "id": "17"
    },
    {
        "name": "Santiago",
        "lastName": "Canedo",
        "country": "USA",
        "city": "New York",
        "email": "new-mail@gmail.com",
        "phone": "427-528-7246 x97323",
        "id": "18"
    },
    {
        "name": "Santiago",
        "lastName": "Canedo",
        "country": "USA",
        "city": "New York",
        "email": "new-mail@gmail.com",
        "phone": "427-528-7246 x97323",
        "id": "19"
    },
    {
        "name": "Santiago",
        "lastName": "Canedo",
        "country": "USA",
        "city": "New York",
        "email": "new-mail@gmail.com",
        "phone": "427-528-7246 x97323",
        "id": "20"
    },
    {
        "name": "Santiago",
        "lastName": "Canedo",
        "country": "USA",
        "city": "New York",
        "email": "new-mail@gmail.com",
        "phone": "427-528-7246 x97323",
        "id": "21"
    },
    {
        "name": "Santiago",
        "lastName": "Canedo",
        "country": "USA",
        "city": "New York",
        "email": "new-mail@gmail.com",
        "phone": "427-528-7246 x97323",
        "id": "22"
    },
    {
        "name": "Santiago",
        "lastName": "Canedo",
        "country": "USA",
        "city": "New York",
        "email": "new-mail@gmail.com",
        "phone": "427-528-7246 x97323",
        "id": "23"
    },
    {
        "name": "Santiago",
        "lastName": "Canedo",
        "country": "USA",
        "city": "New York",
        "email": "new-mail@gmail.com",
        "phone": "427-528-7246 x97323",
        "id": "24"
    },
    {
        "name": "Santiago",
        "lastName": "Canedo",
        "country": "USA",
        "city": "New York",
        "email": "new-mail@gmail.com",
        "phone": "427-528-7246 x97323",
        "id": "25"
    },
    {
        "name": "Santiago",
        "lastName": "Canedo",
        "country": "USA",
        "city": "New York",
        "email": "new-mail@gmail.com",
        "phone": "427-528-7246 x97323",
        "id": "26"
    },
    {
        "name": "Santiago",
        "lastName": "Canedo",
        "country": "USA",
        "city": "New York",
        "email": "new-mail@gmail.com",
        "phone": "427-528-7246 x97323",
        "id": "27"
    },
    {
        "name": "John",
        "lastName": "Doe",
        "country": "USA",
        "city": "New York",
        "email": "john-doe@gmail.com",
        "phone": "\"1-425-705-0487 x77466",
        "id": "28"
    },
    {
        "name": "John",
        "lastName": "Doe",
        "country": "USA",
        "city": "New York",
        "email": "john-doe@gmail.com",
        "phone": "\"1-425-705-0487 x77466",
        "id": "29"
    },
    {
        "name": "Taylor",
        "lastName": "Sift",
        "country": "USA",
        "city": "New York",
        "email": "taylor-swift@gmail.com",
        "phone": "\"1-425-705-0487 x77466",
        "id": "30"
    },
    {
        "name": "Taylor",
        "lastName": "Swift",
        "country": "USA",
        "city": "New York",
        "email": "taylor-swift@gmail.com",
        "phone": "\"1-425-705-0487 x77466",
        "id": "31"
    },
    {
        "name": "alejo",
        "lastName": "lopez",
        "country": "Colombia",
        "city": "Cali",
        "email": "alejo.lopez@email.com",
        "phone": "1234567890",
        "id": "39"
    },
    {
        "name": "alejo",
        "lastName": "lopez",
        "country": "Colombia",
        "city": "Cali",
        "email": "alejo.lopez@email.com",
        "phone": "1234567890",
        "id": "40"
    },
    {
        "name": "alejo",
        "lastName": "lopez",
        "country": "Colombia",
        "city": "Cali",
        "email": "alejo.lopez@email.com",
        "phone": "1234567890",
        "id": "41"
    },
    {
        "name": "alejo",
        "lastName": "lopez",
        "country": "Colombia",
        "city": "Cali",
        "email": "alejo.lopez@email.com",
        "phone": "1234567890",
        "id": "45"
    },
    {
        "name": "alejo",
        "lastName": "lopez",
        "country": "Colombia",
        "city": "Cali",
        "email": "alejo.lopez@email.com",
        "phone": "1234567890",
        "id": "46"
    },
    {
        "name": "name",
        "lastName": "lastName",
        "country": "country",
        "city": "city",
        "email": "email@email.com",
        "phone": "123-456-7890",
        "id": "48"
    },
    {
        "name": "name",
        "lastName": "lastName",
        "country": "country",
        "city": "city",
        "email": "email@email.com",
        "phone": "123-456-7890",
        "id": "49"
    },
    {
        "name": "alejo",
        "lastName": "lopez",
        "country": "Colombia",
        "city": "Cali",
        "email": "alejo.lopez@email.com",
        "phone": "1234567890",
        "id": "50"
    },
    {
        "name": "alejo",
        "lastName": "lopez",
        "country": "Colombia",
        "city": "Cali",
        "email": "alejo.lopez@email.com",
        "phone": "1234567890",
        "id": "51"
    },
    {
        "name": "name",
        "lastName": "lastName",
        "country": "country",
        "city": "city",
        "email": "email@email.com",
        "phone": "123-456-7890",
        "id": "52"
    },
    {
        "name": "alejo",
        "lastName": "lopez",
        "country": "Colombia",
        "city": "Cali",
        "email": "alejo.lopez@email.com",
        "phone": "1234567890",
        "id": "53"
    },
    {
        "name": "name",
        "lastName": "lastName",
        "country": "country",
        "city": "city",
        "email": "email@email.com",
        "phone": "123-456-7890",
        "id": "54"
    },
    {
        "name": "name",
        "lastName": "lastName",
        "country": "country",
        "city": "city",
        "email": "email@email.com",
        "phone": "123-456-7890",
        "id": "55"
    },
    {
        "name": "name",
        "lastName": "lastName",
        "country": "country",
        "city": "city",
        "email": "email@email.com",
        "phone": "123-456-7890",
        "id": "56"
    },
    {
        "name": "alejo",
        "lastName": "lopez",
        "country": "Colombia",
        "city": "Cali",
        "email": "alejo.lopez@email.com",
        "phone": "1234567890",
        "id": "57"
    },
    {
        "name": "alejo",
        "lastName": "lopez",
        "country": "Colombia",
        "city": "Cali",
        "email": "alejo.lopez@email.com",
        "phone": "1234567890",
        "id": "58"
    },
    {
        "name": "alejo",
        "lastName": "lopez",
        "country": "Colombia",
        "city": "Cali",
        "email": "alejo.lopez@email.com",
        "phone": "1234567890",
        "id": "59"
    },
    {
        "name": "alejo",
        "lastName": "lopez",
        "country": "Colombia",
        "city": "Cali",
        "email": "alejo.lopez@email.com",
        "phone": "1234567890",
        "id": "60"
    },
    {
        "name": "alejo",
        "lastName": "lopez",
        "country": "Colombia",
        "city": "Cali",
        "email": "alejo.lopez@email.com",
        "phone": "1234567890",
        "id": "61"
    },
    {
        "name": "alejo",
        "lastName": "lopez",
        "country": "Colombia",
        "city": "Cali",
        "email": "alejo.lopez@email.com",
        "phone": "1234567890",
        "id": "62"
    },
    {
        "name": "alejo",
        "lastName": "lopez",
        "country": "Colombia",
        "city": "Cali",
        "email": "alejo.lopez@email.com",
        "phone": "1234567890",
        "id": "63"
    },
    {
        "name": "alejo",
        "lastName": "lopez",
        "country": "Colombia",
        "city": "Cali",
        "email": "alejo.lopez@email.com",
        "phone": "1234567890",
        "id": "64"
    },
    {
        "name": "name",
        "lastName": "lastName",
        "country": "country",
        "city": "city",
        "email": "email@email.com",
        "phone": "123-456-7890",
        "id": "65"
    },
    {
        "name": "alejo",
        "lastName": "lopez",
        "country": "Colombia",
        "city": "Cali",
        "email": "alejo.lopez@email.com",
        "phone": "1234567890",
        "id": "66"
    },
    {
        "name": "alejo",
        "lastName": "lopez",
        "country": "Colombia",
        "city": "Cali",
        "email": "alejo.lopez@email.com",
        "phone": "1234567890",
        "id": "67"
    },
    {
        "name": "alejo",
        "lastName": "lopez",
        "country": "Colombia",
        "city": "Cali",
        "email": "alejo.lopez@email.com",
        "phone": "1234567890",
        "id": "68"
    },
    {
        "name": "alejo",
        "lastName": "lopez",
        "country": "Colombia",
        "city": "Cali",
        "email": "alejo.lopez@email.com",
        "phone": "1234567890",
        "id": "69"
    },
    {
        "name": "alejo",
        "lastName": "lopez",
        "country": "Colombia",
        "city": "Cali",
        "email": "alejo.lopez@email.com",
        "phone": "1234567890",
        "id": "70"
    },
    {
        "name": "alejo",
        "lastName": "lopez",
        "country": "Colombia",
        "city": "Cali",
        "email": "alejo.lopez@email.com",
        "phone": "1234567890",
        "id": "71"
    },
    {
        "name": "alejo",
        "lastName": "lopez",
        "country": "Colombia",
        "city": "Cali",
        "email": "alejo.lopez@email.com",
        "phone": "1234567890",
        "id": "72"
    },
    {
        "name": "alejo",
        "lastName": "lopez",
        "country": "Colombia",
        "city": "Cali",
        "email": "alejo.lopez@email.com",
        "phone": "1234567890",
        "id": "73"
    },
    {
        "name": "Santiago",
        "lastName": "Canedo",
        "country": "USA",
        "city": "New York",
        "email": "new-mail@gmail.com",
        "phone": "427-528-7246 x97323",
        "id": "74"
    },
    {
        "name": "name",
        "lastName": "lastName",
        "country": "country",
        "city": "city",
        "email": "email@email.com",
        "phone": "123-456-7890",
        "id": "75"
    },
    {
        "name": "<name>",
        "lastName": "<lastName>",
        "country": "<country>",
        "city": "<city>",
        "email": "<email@email.com>",
        "phone": "<123-456-7890>",
        "id": "76"
    },
    {
        "name": "<name>",
        "lastName": "<lastName>",
        "country": "<country>",
        "city": "<city>",
        "email": "<email@email.com>",
        "phone": "<123-456-7890>",
        "id": "77"
    }
]
25-09-2023 11:45:26 INFO [api.stepDefinitions.ClientSteps:119] - the response should have a status code of 200
25-09-2023 11:45:26 INFO [api.stepDefinitions.ClientSteps:141] - validates the response with client list JSON schema
]]></system-out>
  </testcase>
  <testcase name="Get the List of Resources" classname="Client testing CRUD" time="1.17">
    <system-out><![CDATA[25-09-2023 11:45:27 INFO [api.stepDefinitions.Hooks:16] - *****************************************************************************************
25-09-2023 11:45:27 INFO [api.stepDefinitions.Hooks:17] - 	Scenario: Get the List of Resources
25-09-2023 11:45:27 INFO [api.stepDefinitions.Hooks:18] - *****************************************************************************************
25-09-2023 11:45:27 INFO [api.stepDefinitions.ClientSteps:42] - there are registered resources in the system
25-09-2023 11:45:27 INFO [api.stepDefinitions.ClientSteps:88] - I send a GET request to view all the resources
25-09-2023 11:45:27 INFO [api.stepDefinitions.ClientSteps:90] - [
    {
        "name": "NewName",
        "trademark": "NewTradeMark",
        "stock": 1000,
        "price": 99.99,
        "description": "description",
        "tags": "NewTag",
        "is_active": true,
        "id": "3"
    },
    {
        "name": "Recycled Wooden Bike",
        "trademark": "MacGyver - Nader",
        "stock": 98196,
        "price": 27421.92,
        "description": "The beautiful range of Apple Naturalé that has an exciting mix of natural ingredients. With the Goodness of 100% Natural Ingredients",
        "tags": "email",
        "is_active": true,
        "id": "4"
    },
    {
        "name": "Intelligent Steel Fish",
        "trademark": "Stokes - Yost",
        "stock": 24835,
        "price": 11243.02,
        "description": "Carbonite web goalkeeper gloves are ergonomically designed to give easy fit",
        "tags": "createdAt",
        "is_active": true,
        "id": "5"
    },
    {
        "name": "Electronic Plastic Tuna",
        "trademark": "Towne, Spinka and Zieme",
        "stock": 72539,
        "price": 71089.12,
        "description": "Ergonomic executive chair upholstered in bonded black leather and PVC padded seat and back for all-day comfort and support",
        "tags": "password",
        "is_active": false,
        "id": "6"
    },
    {
        "name": "NewName",
        "trademark": "NewTradeMark",
        "stock": 1000,
        "price": 99.99,
        "description": "description",
        "tags": "NewTag",
        "is_active": false,
        "id": "7"
    },
    {
        "name": "Otro nombre",
        "trademark": "Otro trademark",
        "stock": 7000,
        "price": 3223.07,
        "description": "Descripcion",
        "tags": " otro status",
        "is_active": false,
        "id": "8"
    }
]
25-09-2023 11:45:27 INFO [api.stepDefinitions.ClientSteps:119] - the response should have a status code of 200
25-09-2023 11:45:27 INFO [api.stepDefinitions.ClientSteps:149] - validates the response with resources list JSON schema
]]></system-out>
  </testcase>
  <testcase name="Create a new client" classname="Client testing CRUD" time="0.828">
    <system-out><![CDATA[25-09-2023 11:45:28 INFO [api.stepDefinitions.Hooks:16] - *****************************************************************************************
25-09-2023 11:45:28 INFO [api.stepDefinitions.Hooks:17] - 	Scenario: Create a new client
25-09-2023 11:45:28 INFO [api.stepDefinitions.Hooks:18] - *****************************************************************************************
25-09-2023 11:45:28 INFO [api.stepDefinitions.ClientSteps:54] - I have a client with the following details:| Name   | LastName | Country | City     | Email                  | Phone                  |
| Taylor | Swift    | USA     | New York | taylor-swift@gmail.com | "1-425-705-0487 x77466 |

25-09-2023 11:45:28 INFO [api.stepDefinitions.ClientSteps:95] - I send a POST request to create a client
25-09-2023 11:45:29 INFO [api.stepDefinitions.ClientSteps:119] - the response should have a status code of 201
25-09-2023 11:45:29 INFO [api.stepDefinitions.ClientSteps:130] - the response should include the details of the created client
25-09-2023 11:45:29 INFO [api.stepDefinitions.ClientSteps:131] - {
    "name": "Taylor",
    "lastName": "Swift",
    "country": "USA",
    "city": "New York",
    "email": "taylor-swift@gmail.com",
    "phone": "\"1-425-705-0487 x77466",
    "id": "78"
}
25-09-2023 11:45:29 INFO [api.stepDefinitions.ClientSteps:136] - validates the response with client JSON schema
]]></system-out>
  </testcase>
  <testcase name="Update last details" classname="Client testing CRUD" time="1.556">
    <system-out><![CDATA[25-09-2023 11:45:29 INFO [api.stepDefinitions.Hooks:16] - *****************************************************************************************
25-09-2023 11:45:29 INFO [api.stepDefinitions.Hooks:17] - 	Scenario: Update last details
25-09-2023 11:45:29 INFO [api.stepDefinitions.Hooks:18] - *****************************************************************************************
25-09-2023 11:45:29 INFO [api.stepDefinitions.ClientSteps:42] - there are registered resources in the system
25-09-2023 11:45:29 INFO [api.stepDefinitions.ClientSteps:75] - I retrieve the details of the latest resource
25-09-2023 11:45:29 INFO [api.stepDefinitions.ClientSteps:109] - I send a PUT request to update the latest resource{
    "name": "Otro nombre",
    "trademark": "Otro trademark",
    "stock": 7000,
    "price": 3223.07,
    "description": "Descripcion",
    "tags": " otro status",
    "is_active": false,
    "id": "8"
}
25-09-2023 11:45:30 INFO [api.stepDefinitions.ClientSteps:119] - the response should have a status code of 200
25-09-2023 11:45:30 INFO [api.stepDefinitions.ClientSteps:125] - the response should have the following details:| Name        | Trademark      | Stock | Price   | Description | Tags        | Is Active |
| Otro nombre | Otro trademark | 7000  | 3223.07 | Descripcion | otro status | false     |

25-09-2023 11:45:30 INFO [api.stepDefinitions.ClientSteps:149] - validates the response with resources list JSON schema
]]></system-out>
  </testcase>
</testsuite>